<?xml version="1.0" encoding="UTF-8"?>
<!-- Generated by org.testng.reporters.JUnitReportReporter -->
<testsuite hostname="AbhiSneh" failures="0" tests="1" name="Utils.Http_Connections" time="0.010" errors="0" timestamp="2021-08-09T23:52:14 CEST" skipped="0">
  <testcase classname="Utils.Http_Connections" name="baseconnection" time="0.010"/>
  <system-out/>
</testsuite> <!-- Utils.Http_Connections -->
